This is pdfTeX, Version 3.14159265-2.6-1.40.19 (TeX Live 2019/dev/Debian) (preloaded format=pdflatex 2019.10.7)  7 OCT 2019 14:09
entering extended mode
 restricted \write18 enabled.
 %&-line parsing enabled.
**main.tex
(./main.tex
LaTeX2e <2018-12-01>
(/usr/share/texlive/texmf-dist/tex/latex/base/book.cls
Document Class: book 2018/09/03 v1.4i Standard LaTeX document class
(/usr/share/texlive/texmf-dist/tex/latex/base/bk12.clo
File: bk12.clo 2018/09/03 v1.4i Standard LaTeX file (size option)
)
\c@part=\count80
\c@chapter=\count81
\c@section=\count82
\c@subsection=\count83
\c@subsubsection=\count84
\c@paragraph=\count85
\c@subparagraph=\count86
\c@figure=\count87
\c@table=\count88
\abovecaptionskip=\skip41
\belowcaptionskip=\skip42
\bibindent=\dimen102
)
(/usr/share/texlive/texmf-dist/tex/latex/base/inputenc.sty
Package: inputenc 2018/08/11 v1.3c Input encoding file
\inpenc@prehook=\toks14
\inpenc@posthook=\toks15
)
(/usr/share/texlive/texmf-dist/tex/latex/base/fontenc.sty
Package: fontenc 2018/08/11 v2.0j Standard LaTeX package

(/usr/share/texlive/texmf-dist/tex/latex/base/t1enc.def
File: t1enc.def 2018/08/11 v2.0j Standard LaTeX file
LaTeX Font Info:    Redeclaring font encoding T1 on input line 48.
))
(/usr/share/texlive/texmf-dist/tex/generic/ulem/ulem.sty
\UL@box=\box27
\UL@hyphenbox=\box28
\UL@skip=\skip43
\UL@hook=\toks16
\UL@height=\dimen103
\UL@pe=\count89
\UL@pixel=\dimen104
\ULC@box=\box29
Package: ulem 2012/05/18
\ULdepth=\dimen105
)
(/usr/share/texlive/texmf-dist/tex/latex/cite/cite.sty
LaTeX Info: Redefining \cite on input line 302.
LaTeX Info: Redefining \nocite on input line 332.
Package: cite 2015/02/27  v 5.5
)
(/usr/share/texlive/texmf-dist/tex/latex/tocbibind/tocbibind.sty
Package: tocbibind 2010/10/13 v1.5k extra ToC listings
Package tocbibind Info: The document has chapter divisions on input line 50.


Package tocbibind Note: Using chapter style headings, unless overridden.

) (/usr/share/texlive/texmf-dist/tex/latex/subfiles/subfiles.sty
Package: subfiles 2018/07/31 Federico Garcia, Gernot Salzer

(/usr/share/texlive/texmf-dist/tex/latex/tools/verbatim.sty
Package: verbatim 2014/10/28 v1.5q LaTeX2e package for verbatim enhancements
\every@verbatim=\toks17
\verbatim@line=\toks18
\verbatim@in@stream=\read1
))
(/usr/share/texlive/texmf-dist/tex/latex/float/float.sty
Package: float 2001/11/08 v1.3d Float enhancements (AL)
\c@float@type=\count90
\float@exts=\toks19
\float@box=\box30
\@float@everytoks=\toks20
\@floatcapt=\box31
)
(/usr/share/texlive/texmf-dist/tex/latex/amsmath/amsmath.sty
Package: amsmath 2018/12/01 v2.17b AMS math features
\@mathmargin=\skip44

For additional information on amsmath, use the `?' option.
(/usr/share/texlive/texmf-dist/tex/latex/amsmath/amstext.sty
Package: amstext 2000/06/29 v2.01 AMS text

(/usr/share/texlive/texmf-dist/tex/latex/amsmath/amsgen.sty
File: amsgen.sty 1999/11/30 v2.0 generic functions
\@emptytoks=\toks21
\ex@=\dimen106
))
(/usr/share/texlive/texmf-dist/tex/latex/amsmath/amsbsy.sty
Package: amsbsy 1999/11/29 v1.2d Bold Symbols
\pmbraise@=\dimen107
)
(/usr/share/texlive/texmf-dist/tex/latex/amsmath/amsopn.sty
Package: amsopn 2016/03/08 v2.02 operator names
)
\inf@bad=\count91
LaTeX Info: Redefining \frac on input line 223.
\uproot@=\count92
\leftroot@=\count93
LaTeX Info: Redefining \overline on input line 385.
\classnum@=\count94
\DOTSCASE@=\count95
LaTeX Info: Redefining \ldots on input line 482.
LaTeX Info: Redefining \dots on input line 485.
LaTeX Info: Redefining \cdots on input line 606.
\Mathstrutbox@=\box32
\strutbox@=\box33
\big@size=\dimen108
LaTeX Font Info:    Redeclaring font encoding OML on input line 729.
LaTeX Font Info:    Redeclaring font encoding OMS on input line 730.
\macc@depth=\count96
\c@MaxMatrixCols=\count97
\dotsspace@=\muskip10
\c@parentequation=\count98
\dspbrk@lvl=\count99
\tag@help=\toks22
\row@=\count100
\column@=\count101
\maxfields@=\count102
\andhelp@=\toks23
\eqnshift@=\dimen109
\alignsep@=\dimen110
\tagshift@=\dimen111
\tagwidth@=\dimen112
\totwidth@=\dimen113
\lineht@=\dimen114
\@envbody=\toks24
\multlinegap=\skip45
\multlinetaggap=\skip46
\mathdisplay@stack=\toks25
LaTeX Info: Redefining \[ on input line 2844.
LaTeX Info: Redefining \] on input line 2845.
)
(/usr/share/texlive/texmf-dist/tex/latex/amsfonts/amssymb.sty
Package: amssymb 2013/01/14 v3.01 AMS font symbols

(/usr/share/texlive/texmf-dist/tex/latex/amsfonts/amsfonts.sty
Package: amsfonts 2013/01/14 v3.01 Basic AMSFonts support
\symAMSa=\mathgroup4
\symAMSb=\mathgroup5
LaTeX Font Info:    Overwriting math alphabet `\mathfrak' in version `bold'
(Font)                  U/euf/m/n --> U/euf/b/n on input line 106.
))
(/usr/share/texlive/texmf-dist/tex/latex/base/textcomp.sty
Package: textcomp 2018/08/11 v2.0j Standard LaTeX package
Package textcomp Info: Sub-encoding information:
(textcomp)               5 = only ISO-Adobe without \textcurrency
(textcomp)               4 = 5 + \texteuro
(textcomp)               3 = 4 + \textohm
(textcomp)               2 = 3 + \textestimated + \textcurrency
(textcomp)               1 = TS1 - \textcircled - \t
(textcomp)               0 = TS1 (full)
(textcomp)             Font families with sub-encoding setting implement
(textcomp)             only a restricted character set as indicated.
(textcomp)             Family '?' is the default used for unknown fonts.
(textcomp)             See the documentation for details.
Package textcomp Info: Setting ? sub-encoding to TS1/1 on input line 79.

(/usr/share/texlive/texmf-dist/tex/latex/base/ts1enc.def
File: ts1enc.def 2001/06/05 v3.0e (jk/car/fm) Standard LaTeX file
Now handling font encoding TS1 ...
... processing UTF-8 mapping file for font encoding TS1

(/usr/share/texlive/texmf-dist/tex/latex/base/ts1enc.dfu
File: ts1enc.dfu 2018/10/05 v1.2f UTF-8 support for inputenc
   defining Unicode char U+00A2 (decimal 162)
   defining Unicode char U+00A3 (decimal 163)
   defining Unicode char U+00A4 (decimal 164)
   defining Unicode char U+00A5 (decimal 165)
   defining Unicode char U+00A6 (decimal 166)
   defining Unicode char U+00A7 (decimal 167)
   defining Unicode char U+00A8 (decimal 168)
   defining Unicode char U+00A9 (decimal 169)
   defining Unicode char U+00AA (decimal 170)
   defining Unicode char U+00AC (decimal 172)
   defining Unicode char U+00AE (decimal 174)
   defining Unicode char U+00AF (decimal 175)
   defining Unicode char U+00B0 (decimal 176)
   defining Unicode char U+00B1 (decimal 177)
   defining Unicode char U+00B2 (decimal 178)
   defining Unicode char U+00B3 (decimal 179)
   defining Unicode char U+00B4 (decimal 180)
   defining Unicode char U+00B5 (decimal 181)
   defining Unicode char U+00B6 (decimal 182)
   defining Unicode char U+00B7 (decimal 183)
   defining Unicode char U+00B9 (decimal 185)
   defining Unicode char U+00BA (decimal 186)
   defining Unicode char U+00BC (decimal 188)
   defining Unicode char U+00BD (decimal 189)
   defining Unicode char U+00BE (decimal 190)
   defining Unicode char U+00D7 (decimal 215)
   defining Unicode char U+00F7 (decimal 247)
   defining Unicode char U+0192 (decimal 402)
   defining Unicode char U+02C7 (decimal 711)
   defining Unicode char U+02D8 (decimal 728)
   defining Unicode char U+02DD (decimal 733)
   defining Unicode char U+0E3F (decimal 3647)
   defining Unicode char U+2016 (decimal 8214)
   defining Unicode char U+2020 (decimal 8224)
   defining Unicode char U+2021 (decimal 8225)
   defining Unicode char U+2022 (decimal 8226)
   defining Unicode char U+2030 (decimal 8240)
   defining Unicode char U+2031 (decimal 8241)
   defining Unicode char U+203B (decimal 8251)
   defining Unicode char U+203D (decimal 8253)
   defining Unicode char U+2044 (decimal 8260)
   defining Unicode char U+204E (decimal 8270)
   defining Unicode char U+2052 (decimal 8274)
   defining Unicode char U+20A1 (decimal 8353)
   defining Unicode char U+20A4 (decimal 8356)
   defining Unicode char U+20A6 (decimal 8358)
   defining Unicode char U+20A9 (decimal 8361)
   defining Unicode char U+20AB (decimal 8363)
   defining Unicode char U+20AC (decimal 8364)
   defining Unicode char U+20B1 (decimal 8369)
   defining Unicode char U+2103 (decimal 8451)
   defining Unicode char U+2116 (decimal 8470)
   defining Unicode char U+2117 (decimal 8471)
   defining Unicode char U+211E (decimal 8478)
   defining Unicode char U+2120 (decimal 8480)
   defining Unicode char U+2122 (decimal 8482)
   defining Unicode char U+2126 (decimal 8486)
   defining Unicode char U+2127 (decimal 8487)
   defining Unicode char U+212E (decimal 8494)
   defining Unicode char U+2190 (decimal 8592)
   defining Unicode char U+2191 (decimal 8593)
   defining Unicode char U+2192 (decimal 8594)
   defining Unicode char U+2193 (decimal 8595)
   defining Unicode char U+2329 (decimal 9001)
   defining Unicode char U+232A (decimal 9002)
   defining Unicode char U+2422 (decimal 9250)
   defining Unicode char U+25E6 (decimal 9702)
   defining Unicode char U+25EF (decimal 9711)
   defining Unicode char U+266A (decimal 9834)
   defining Unicode char U+FEFF (decimal 65279)
))
LaTeX Info: Redefining \oldstylenums on input line 334.
Package textcomp Info: Setting cmr sub-encoding to TS1/0 on input line 349.
Package textcomp Info: Setting cmss sub-encoding to TS1/0 on input line 350.
Package textcomp Info: Setting cmtt sub-encoding to TS1/0 on input line 351.
Package textcomp Info: Setting cmvtt sub-encoding to TS1/0 on input line 352.
Package textcomp Info: Setting cmbr sub-encoding to TS1/0 on input line 353.
Package textcomp Info: Setting cmtl sub-encoding to TS1/0 on input line 354.
Package textcomp Info: Setting ccr sub-encoding to TS1/0 on input line 355.
Package textcomp Info: Setting ptm sub-encoding to TS1/4 on input line 356.
Package textcomp Info: Setting pcr sub-encoding to TS1/4 on input line 357.
Package textcomp Info: Setting phv sub-encoding to TS1/4 on input line 358.
Package textcomp Info: Setting ppl sub-encoding to TS1/3 on input line 359.
Package textcomp Info: Setting pag sub-encoding to TS1/4 on input line 360.
Package textcomp Info: Setting pbk sub-encoding to TS1/4 on input line 361.
Package textcomp Info: Setting pnc sub-encoding to TS1/4 on input line 362.
Package textcomp Info: Setting pzc sub-encoding to TS1/4 on input line 363.
Package textcomp Info: Setting bch sub-encoding to TS1/4 on input line 364.
Package textcomp Info: Setting put sub-encoding to TS1/5 on input line 365.
Package textcomp Info: Setting uag sub-encoding to TS1/5 on input line 366.
Package textcomp Info: Setting ugq sub-encoding to TS1/5 on input line 367.
Package textcomp Info: Setting ul8 sub-encoding to TS1/4 on input line 368.
Package textcomp Info: Setting ul9 sub-encoding to TS1/4 on input line 369.
Package textcomp Info: Setting augie sub-encoding to TS1/5 on input line 370.
Package textcomp Info: Setting dayrom sub-encoding to TS1/3 on input line 371.
Package textcomp Info: Setting dayroms sub-encoding to TS1/3 on input line 372.

Package textcomp Info: Setting pxr sub-encoding to TS1/0 on input line 373.
Package textcomp Info: Setting pxss sub-encoding to TS1/0 on input line 374.
Package textcomp Info: Setting pxtt sub-encoding to TS1/0 on input line 375.
Package textcomp Info: Setting txr sub-encoding to TS1/0 on input line 376.
Package textcomp Info: Setting txss sub-encoding to TS1/0 on input line 377.
Package textcomp Info: Setting txtt sub-encoding to TS1/0 on input line 378.
Package textcomp Info: Setting lmr sub-encoding to TS1/0 on input line 379.
Package textcomp Info: Setting lmdh sub-encoding to TS1/0 on input line 380.
Package textcomp Info: Setting lmss sub-encoding to TS1/0 on input line 381.
Package textcomp Info: Setting lmssq sub-encoding to TS1/0 on input line 382.
Package textcomp Info: Setting lmvtt sub-encoding to TS1/0 on input line 383.
Package textcomp Info: Setting lmtt sub-encoding to TS1/0 on input line 384.
Package textcomp Info: Setting qhv sub-encoding to TS1/0 on input line 385.
Package textcomp Info: Setting qag sub-encoding to TS1/0 on input line 386.
Package textcomp Info: Setting qbk sub-encoding to TS1/0 on input line 387.
Package textcomp Info: Setting qcr sub-encoding to TS1/0 on input line 388.
Package textcomp Info: Setting qcs sub-encoding to TS1/0 on input line 389.
Package textcomp Info: Setting qpl sub-encoding to TS1/0 on input line 390.
Package textcomp Info: Setting qtm sub-encoding to TS1/0 on input line 391.
Package textcomp Info: Setting qzc sub-encoding to TS1/0 on input line 392.
Package textcomp Info: Setting qhvc sub-encoding to TS1/0 on input line 393.
Package textcomp Info: Setting futs sub-encoding to TS1/4 on input line 394.
Package textcomp Info: Setting futx sub-encoding to TS1/4 on input line 395.
Package textcomp Info: Setting futj sub-encoding to TS1/4 on input line 396.
Package textcomp Info: Setting hlh sub-encoding to TS1/3 on input line 397.
Package textcomp Info: Setting hls sub-encoding to TS1/3 on input line 398.
Package textcomp Info: Setting hlst sub-encoding to TS1/3 on input line 399.
Package textcomp Info: Setting hlct sub-encoding to TS1/5 on input line 400.
Package textcomp Info: Setting hlx sub-encoding to TS1/5 on input line 401.
Package textcomp Info: Setting hlce sub-encoding to TS1/5 on input line 402.
Package textcomp Info: Setting hlcn sub-encoding to TS1/5 on input line 403.
Package textcomp Info: Setting hlcw sub-encoding to TS1/5 on input line 404.
Package textcomp Info: Setting hlcf sub-encoding to TS1/5 on input line 405.
Package textcomp Info: Setting pplx sub-encoding to TS1/3 on input line 406.
Package textcomp Info: Setting pplj sub-encoding to TS1/3 on input line 407.
Package textcomp Info: Setting ptmx sub-encoding to TS1/4 on input line 408.
Package textcomp Info: Setting ptmj sub-encoding to TS1/4 on input line 409.
)
(/usr/share/texlive/texmf-dist/tex/latex/graphics/graphicx.sty
Package: graphicx 2017/06/01 v1.1a Enhanced LaTeX Graphics (DPC,SPQR)

(/usr/share/texlive/texmf-dist/tex/latex/graphics/keyval.sty
Package: keyval 2014/10/28 v1.15 key=value parser (DPC)
\KV@toks@=\toks26
)
(/usr/share/texlive/texmf-dist/tex/latex/graphics/graphics.sty
Package: graphics 2017/06/25 v1.2c Standard LaTeX Graphics (DPC,SPQR)

(/usr/share/texlive/texmf-dist/tex/latex/graphics/trig.sty
Package: trig 2016/01/03 v1.10 sin cos tan (DPC)
)
(/usr/share/texlive/texmf-dist/tex/latex/graphics-cfg/graphics.cfg
File: graphics.cfg 2016/06/04 v1.11 sample graphics configuration
)
Package graphics Info: Driver file: pdftex.def on input line 99.

(/usr/share/texlive/texmf-dist/tex/latex/graphics-def/pdftex.def
File: pdftex.def 2018/01/08 v1.0l Graphics/color driver for pdftex
))
\Gin@req@height=\dimen115
\Gin@req@width=\dimen116
)
(/usr/share/texlive/texmf-dist/tex/latex/wrapfig/wrapfig.sty
\wrapoverhang=\dimen117
\WF@size=\dimen118
\c@WF@wrappedlines=\count103
\WF@box=\box34
\WF@everypar=\toks27
Package: wrapfig 2003/01/31  v 3.6
)
(/usr/share/texlive/texmf-dist/tex/latex/enumitem/enumitem.sty
Package: enumitem 2019/02/04 v3.8 Customized lists
\labelindent=\skip47
\enit@outerparindent=\dimen119
\enit@toks=\toks28
\enit@inbox=\box35
\enit@count@id=\count104
\enitdp@description=\count105
)
(/usr/share/texlive/texmf-dist/tex/latex/cancel/cancel.sty
Package: cancel 2013/04/12 v2.2 Cancel math terms
)
(/usr/share/texlive/texmf-dist/tex/latex/datetime/datetime.sty
Package: datetime 2015/03/20 v2.60 Date Time Package

(/usr/share/texlive/texmf-dist/tex/latex/etoolbox/etoolbox.sty
Package: etoolbox 2018/08/19 v2.5f e-TeX tools for LaTeX (JAW)
\etb@tempcnta=\count106
)
(/usr/share/texlive/texmf-dist/tex/latex/fmtcount/fmtcount.sty
Package: fmtcount 2017/12/24 v3.05

(/usr/share/texlive/texmf-dist/tex/latex/base/ifthen.sty
Package: ifthen 2014/09/29 v1.1c Standard LaTeX ifthen package (DPC)
)
(/usr/share/texlive/texmf-dist/tex/latex/xkeyval/xkeyval.sty
Package: xkeyval 2014/12/03 v2.7a package option processing (HA)

(/usr/share/texlive/texmf-dist/tex/generic/xkeyval/xkeyval.tex
(/usr/share/texlive/texmf-dist/tex/generic/xkeyval/xkvutils.tex
\XKV@toks=\toks29
\XKV@tempa@toks=\toks30
)
\XKV@depth=\count107
File: xkeyval.tex 2014/12/03 v2.7a key=value parser (HA)
))
(/usr/share/texlive/texmf-dist/tex/latex/fmtcount/fcprefix.sty
Package: fcprefix 2012/09/28

(/usr/share/texlive/texmf-dist/tex/latex/fmtcount/fcnumparser.sty
Package: fcnumparser 2017/06/15
\fc@digit@counter=\count108
))
\c@padzeroesN=\count109
\fc@tmpcatcode=\count110
\@DT@modctr=\count111
\@ordinalctr=\count112
\@orgargctr=\count113
\@strctr=\count114
\@tmpstrctr=\count115
\@DT@loopN=\count116
\@DT@X=\count117
)
(/usr/share/texlive/texmf-dist/tex/latex/datetime/datetime-defaults.sty
Package: datetime-defaults 2013/09/10
)
\@day=\count118
\@month=\count119
\@year=\count120
\c@HOUR=\count121
\c@HOURXII=\count122
\c@MINUTE=\count123
\c@TOHOUR=\count124
\c@TOMINUTE=\count125
\c@SECOND=\count126
\currenthour=\count127
\currentminute=\count128
\currentsecond=\count129
Package datetime Info: No datetime.cfg file found, using default settings on in
put line 308.
\@dtctr=\count130
\dayofyear=\count131
\dayofweek=\count132
LaTeX Info: Redefining \today on input line 736.
\dt@a=\toks31
\dt@b=\toks32
)
(/usr/share/texlive/texmf-dist/tex/latex/titlesec/titlesec.sty
Package: titlesec 2016/03/21 v2.10.2 Sectioning titles
\ttl@box=\box36
\beforetitleunit=\skip48
\aftertitleunit=\skip49
\ttl@plus=\dimen120
\ttl@minus=\dimen121
\ttl@toksa=\toks33
\titlewidth=\dimen122
\titlewidthlast=\dimen123
\titlewidthfirst=\dimen124
)
(/usr/share/texlive/texmf-dist/tex/latex/natbib/natbib.sty
Package: natbib 2010/09/13 8.31b (PWD, AO)


Package natbib Warning: The `cite' package should not be used
(natbib)                with natbib. Use option `sort' instead.

\bibhang=\skip50
\bibsep=\skip51
LaTeX Info: Redefining \cite on input line 694.
LaTeX Info: Redefining \citenum on input line 708.
\c@NAT@ctr=\count133
) (/usr/share/texlive/texmf-dist/tex/latex/setspace/setspace.sty
Package: setspace 2011/12/19 v6.7a set line spacing
)
(/usr/share/texlive/texmf-dist/tex/latex/subfigure/subfigure.sty
Package: subfigure 2002/03/15 v2.1.5 subfigure package
\subfigtopskip=\skip52
\subfigcapskip=\skip53
\subfigcaptopadj=\dimen125
\subfigbottomskip=\skip54
\subfigcapmargin=\dimen126
\subfiglabelskip=\skip55
\c@subfigure=\count134
\c@lofdepth=\count135
\c@subtable=\count136
\c@lotdepth=\count137

****************************************
* Local config file subfigure.cfg used *
****************************************
(/usr/share/texlive/texmf-dist/tex/latex/subfigure/subfigure.cfg)
\subfig@top=\skip56
\subfig@bottom=\skip57
)
(/usr/share/texlive/texmf-dist/tex/latex/url/url.sty
\Urlmuskip=\muskip11
Package: url 2013/09/16  ver 3.4  Verb mode for urls, etc.
)
(/usr/share/texlive/texmf-dist/tex/latex/geometry/geometry.sty
Package: geometry 2018/04/16 v5.8 Page Geometry

(/usr/share/texlive/texmf-dist/tex/generic/oberdiek/ifpdf.sty
Package: ifpdf 2018/09/07 v3.3 Provides the ifpdf switch
)
(/usr/share/texlive/texmf-dist/tex/generic/oberdiek/ifvtex.sty
Package: ifvtex 2016/05/16 v1.6 Detect VTeX and its facilities (HO)
Package ifvtex Info: VTeX not detected.
)
(/usr/share/texlive/texmf-dist/tex/generic/ifxetex/ifxetex.sty
Package: ifxetex 2010/09/12 v0.6 Provides ifxetex conditional
)
\Gm@cnth=\count138
\Gm@cntv=\count139
\c@Gm@tempcnt=\count140
\Gm@bindingoffset=\dimen127
\Gm@wd@mp=\dimen128
\Gm@odd@mp=\dimen129
\Gm@even@mp=\dimen130
\Gm@layoutwidth=\dimen131
\Gm@layoutheight=\dimen132
\Gm@layouthoffset=\dimen133
\Gm@layoutvoffset=\dimen134
\Gm@dimlist=\toks34
) (./main.aux

LaTeX Warning: Label `fig:Disp_FOV' multiply defined.

)
\openout1 = `main.aux'.

LaTeX Font Info:    Checking defaults for OML/cmm/m/it on input line 30.
LaTeX Font Info:    ... okay on input line 30.
LaTeX Font Info:    Checking defaults for T1/cmr/m/n on input line 30.
LaTeX Font Info:    ... okay on input line 30.
LaTeX Font Info:    Checking defaults for OT1/cmr/m/n on input line 30.
LaTeX Font Info:    ... okay on input line 30.
LaTeX Font Info:    Checking defaults for OMS/cmsy/m/n on input line 30.
LaTeX Font Info:    ... okay on input line 30.
LaTeX Font Info:    Checking defaults for OMX/cmex/m/n on input line 30.
LaTeX Font Info:    ... okay on input line 30.
LaTeX Font Info:    Checking defaults for U/cmr/m/n on input line 30.
LaTeX Font Info:    ... okay on input line 30.
LaTeX Font Info:    Checking defaults for TS1/cmr/m/n on input line 30.
LaTeX Font Info:    Try loading font information for TS1+cmr on input line 30.
 (/usr/share/texlive/texmf-dist/tex/latex/base/ts1cmr.fd
File: ts1cmr.fd 2014/09/29 v2.5h Standard LaTeX font definitions
)
LaTeX Font Info:    ... okay on input line 30.

(/usr/share/texlive/texmf-dist/tex/context/base/mkii/supp-pdf.mkii
[Loading MPS to PDF converter (version 2006.09.02).]
\scratchcounter=\count141
\scratchdimen=\dimen135
\scratchbox=\box37
\nofMPsegments=\count142
\nofMParguments=\count143
\everyMPshowfont=\toks35
\MPscratchCnt=\count144
\MPscratchDim=\dimen136
\MPnumerator=\count145
\makeMPintoPDFobject=\count146
\everyMPtoPDFconversion=\toks36
) (/usr/share/texlive/texmf-dist/tex/latex/oberdiek/epstopdf-base.sty
Package: epstopdf-base 2016/05/15 v2.6 Base part for package epstopdf

(/usr/share/texlive/texmf-dist/tex/generic/oberdiek/infwarerr.sty
Package: infwarerr 2016/05/16 v1.4 Providing info/warning/error messages (HO)
)
(/usr/share/texlive/texmf-dist/tex/latex/oberdiek/grfext.sty
Package: grfext 2016/05/16 v1.2 Manage graphics extensions (HO)

(/usr/share/texlive/texmf-dist/tex/generic/oberdiek/kvdefinekeys.sty
Package: kvdefinekeys 2016/05/16 v1.4 Define keys (HO)

(/usr/share/texlive/texmf-dist/tex/generic/oberdiek/ltxcmds.sty
Package: ltxcmds 2016/05/16 v1.23 LaTeX kernel commands for general use (HO)
)))
(/usr/share/texlive/texmf-dist/tex/latex/oberdiek/kvoptions.sty
Package: kvoptions 2016/05/16 v3.12 Key value format for package options (HO)

(/usr/share/texlive/texmf-dist/tex/generic/oberdiek/kvsetkeys.sty
Package: kvsetkeys 2016/05/16 v1.17 Key value parser (HO)

(/usr/share/texlive/texmf-dist/tex/generic/oberdiek/etexcmds.sty
Package: etexcmds 2016/05/16 v1.6 Avoid name clashes with e-TeX commands (HO)

(/usr/share/texlive/texmf-dist/tex/generic/oberdiek/ifluatex.sty
Package: ifluatex 2016/05/16 v1.4 Provides the ifluatex switch (HO)
Package ifluatex Info: LuaTeX not detected.
))))
(/usr/share/texlive/texmf-dist/tex/generic/oberdiek/pdftexcmds.sty
Package: pdftexcmds 2018/09/10 v0.29 Utility functions of pdfTeX for LuaTeX (HO
)
Package pdftexcmds Info: LuaTeX not detected.
Package pdftexcmds Info: \pdf@primitive is available.
Package pdftexcmds Info: \pdf@ifprimitive is available.
Package pdftexcmds Info: \pdfdraftmode found.
)
Package epstopdf-base Info: Redefining graphics rule for `.eps' on input line 4
38.
Package grfext Info: Graphics extension search list:
(grfext)             [.pdf,.png,.jpg,.mps,.jpeg,.jbig2,.jb2,.PDF,.PNG,.JPG,.JPE
G,.JBIG2,.JB2,.eps]
(grfext)             \AppendGraphicsExtensions on input line 456.

(/usr/share/texlive/texmf-dist/tex/latex/latexconfig/epstopdf-sys.cfg
File: epstopdf-sys.cfg 2010/07/13 v1.3 Configuration of (r)epstopdf for TeX Liv
e
))
(/usr/share/texlive/texmf-dist/tex/latex/fmtcount/fc-english.def
File: fc-english.def 2016/01/12
)
*geometry* driver: auto-detecting
*geometry* detected driver: pdftex
*geometry* verbose mode - [ preamble ] result:
* driver: pdftex
* paper: letterpaper
* layout: <same size as paper>
* layoutoffset:(h,v)=(0.0pt,0.0pt)
* modes: 
* h-part:(L,W,R)=(72.26999pt, 469.75502pt, 72.26999pt)
* v-part:(T,H,B)=(72.26999pt, 614.295pt, 108.405pt)
* \paperwidth=614.295pt
* \paperheight=794.96999pt
* \textwidth=469.75502pt
* \textheight=614.295pt
* \oddsidemargin=0.0pt
* \evensidemargin=0.0pt
* \topmargin=-42.8738pt
* \headheight=23.0pt
* \headsep=19.8738pt
* \topskip=12.0pt
* \footskip=30.0pt
* \marginparwidth=47.0pt
* \marginparsep=7.0pt
* \columnsep=10.0pt
* \skip\footins=10.8pt plus 4.0pt minus 2.0pt
* \hoffset=0.0pt
* \voffset=0.0pt
* \mag=1000
* \@twocolumnfalse
* \@twosidefalse
* \@mparswitchfalse
* \@reversemarginfalse
* (1in=72.27pt=25.4mm, 1cm=28.453pt)

LaTeX Font Info:    Try loading font information for U+msa on input line 35.
(/usr/share/texlive/texmf-dist/tex/latex/amsfonts/umsa.fd
File: umsa.fd 2013/01/14 v3.01 AMS symbols A
)
LaTeX Font Info:    Try loading font information for U+msb on input line 35.

(/usr/share/texlive/texmf-dist/tex/latex/amsfonts/umsb.fd
File: umsb.fd 2013/01/14 v3.01 AMS symbols B
) [1



{/var/lib/texmf/fonts/map/pdftex/updmap/pdftex.map}] (./acknowledgments.tex) [1


] (./abstract.tex) [2


] (./abrege.tex) [3


] [4

] (./main.toc [5


] [6])
\tf@toc=\write3
\openout3 = `main.toc'.

 [7] (./main.lof [8

])
\tf@lof=\write4
\openout4 = `main.lof'.

 [9]
Chapter 1.
(./introduction.tex [1


] [2]
<images/veritas_standard.png, id=58, 719.3274pt x 233.673pt>
File: images/veritas_standard.png Graphic file (type png)
<use images/veritas_standard.png>
Package pdftex.def Info: images/veritas_standard.png  used on input line 18.
(pdftex.def)             Requested size: 469.75502pt x 152.60233pt.
 [3 <./images/veritas_standard.png>]
<images/gamma_hadron_illustration.png, id=63, 715.473pt x 488.5452pt>
File: images/gamma_hadron_illustration.png Graphic file (type png)
<use images/gamma_hadron_illustration.png>
Package pdftex.def Info: images/gamma_hadron_illustration.png  used on input li
ne 33.
(pdftex.def)             Requested size: 319.42996pt x 218.11385pt.
 [4] [5 <./images/gamma_hadron_illustration.png (PNG copy)>]
<images/Cherenkov.png, id=70, 91.0602pt x 78.0516pt>
File: images/Cherenkov.png Graphic file (type png)
<use images/Cherenkov.png>
Package pdftex.def Info: images/Cherenkov.png  used on input line 47.
(pdftex.def)             Requested size: 281.85587pt x 241.66685pt.
 [6 <./images/Cherenkov.png>]
[7]
<images/IACT.png, id=81, 413.545pt x 385.44pt>
File: images/IACT.png Graphic file (type png)
<use images/IACT.png>
Package pdftex.def Info: images/IACT.png  used on input line 67.
(pdftex.def)             Requested size: 319.42996pt x 297.72484pt.
Package epstopdf Info: Source file: <images/Stereo.eps>
(epstopdf)                    date: 2019-08-04 14:51:09
(epstopdf)                    size: 240268 bytes
(epstopdf)             Output file: <images/Stereo-eps-converted-to.pdf>
(epstopdf)                    date: 2019-08-04 14:51:09
(epstopdf)                    size: 278926 bytes
(epstopdf)             Command: <repstopdf --outfile=images/Stereo-eps-converte
d-to.pdf images/Stereo.eps>
(epstopdf)             \includegraphics on input line 73.
Package epstopdf Info: Output file is already uptodate.


pdfTeX warning: /usr/bin/pdflatex (file ./images/Stereo-eps-converted-to.pdf): 
PDF inclusion: found PDF version <1.7>, but at most version <1.5> allowed
<images/Stereo-eps-converted-to.pdf, id=82, 922.44624pt x 470.75874pt>
File: images/Stereo-eps-converted-to.pdf Graphic file (type pdf)
<use images/Stereo-eps-converted-to.pdf>
Package pdftex.def Info: images/Stereo-eps-converted-to.pdf  used on input line
 73.
(pdftex.def)             Requested size: 450.96797pt x 230.14224pt.
[8 <./images/IACT.png>] [9 <./images/Stereo-eps-converted-to.pdf>]
<images/Camera_PMT.pdf, id=92, 351.69063pt x 264.49054pt>
File: images/Camera_PMT.pdf Graphic file (type pdf)
<use images/Camera_PMT.pdf>
Package pdftex.def Info: images/Camera_PMT.pdf  used on input line 87.
(pdftex.def)             Requested size: 272.45877pt x 204.90135pt.
 [10 <./images/Camera_PMT.pdf>] [11]
<images/img_axis.png, id=109, 579.16376pt x 589.20125pt>
File: images/img_axis.png Graphic file (type png)
<use images/img_axis.png>
Package pdftex.def Info: images/img_axis.png  used on input line 116.
(pdftex.def)             Requested size: 211.38832pt x 215.05217pt.
<images/Disp_param.png, id=110, 831.105pt x 287.0725pt>
File: images/Disp_param.png Graphic file (type png)
<use images/Disp_param.png>
Package pdftex.def Info: images/Disp_param.png  used on input line 132.
(pdftex.def)             Requested size: 272.45877pt x 94.10782pt.
<images/Disp_FOV.png, id=111, 521.95pt x 494.84875pt>
File: images/Disp_FOV.png Graphic file (type png)
<use images/Disp_FOV.png>
Package pdftex.def Info: images/Disp_FOV.png  used on input line 139.
(pdftex.def)             Requested size: 225.4804pt x 213.76996pt.
 [12] [13 <./images/img_axis.png> <./images/Disp_param.png (PNG copy)>]) [14 <.
/images/Disp_FOV.png (PNG copy)>]
Chapter 2.
(./simulation.tex [15

] [16] [17] [18]
<images/LZA_lightpool.jpg, id=136, 314.67563pt x 136.25906pt>
File: images/LZA_lightpool.jpg Graphic file (type jpg)
<use images/LZA_lightpool.jpg>
Package pdftex.def Info: images/LZA_lightpool.jpg  used on input line 38.
(pdftex.def)             Requested size: 375.80544pt x 162.73866pt.
<images/LZA_stereo_ellipse.png, id=137, 722.7pt x 542.025pt>
File: images/LZA_stereo_ellipse.png Graphic file (type png)
<use images/LZA_stereo_ellipse.png>
Package pdftex.def Info: images/LZA_stereo_ellipse.png  used on input line 41.
(pdftex.def)             Requested size: 281.85587pt x 211.38889pt.
<images/Method0_res.jpg, id=138, 472.6458pt x 414.1071pt>
File: images/Method0_res.jpg Graphic file (type jpg)
<use images/Method0_res.jpg>
Package pdftex.def Info: images/Method0_res.jpg  used on input line 48.
(pdftex.def)             Requested size: 281.85587pt x 246.95598pt.
<images/head_tail_1.png, id=139, 722.7pt x 542.025pt>
File: images/head_tail_1.png Graphic file (type png)
<use images/head_tail_1.png>
Package pdftex.def Info: images/head_tail_1.png  used on input line 61.
(pdftex.def)             Requested size: 145.6229pt x 109.2136pt.
<images/head_tail_2.png, id=140, 722.7pt x 542.025pt>
File: images/head_tail_2.png Graphic file (type png)
<use images/head_tail_2.png>
Package pdftex.def Info: images/head_tail_2.png  used on input line 64.
(pdftex.def)             Requested size: 145.6229pt x 109.2136pt.
<images/head_tail_3.png, id=141, 722.7pt x 542.025pt>
File: images/head_tail_3.png Graphic file (type png)
<use images/head_tail_3.png>
Package pdftex.def Info: images/head_tail_3.png  used on input line 67.
(pdftex.def)             Requested size: 145.6229pt x 109.2136pt.
<images/head_tail_full.png, id=142, 722.7pt x 542.025pt>
File: images/head_tail_full.png Graphic file (type png)
<use images/head_tail_full.png>
Package pdftex.def Info: images/head_tail_full.png  used on input line 71.
(pdftex.def)             Requested size: 281.85587pt x 211.38889pt.
 [19] [20 <./images/LZA_lightpool.jpg> <./images/LZA_stereo_ellipse.png>] [21 <
./images/Method0_res.jpg>] [22 <./images/head_tail_1.png> <./images/head_tail_2
.png> <./images/head_tail_3.png> <./images/head_tail_full.png>]
<images/BDT_flowchart.png, id=163, 597.23125pt x 343.2825pt>
File: images/BDT_flowchart.png Graphic file (type png)
<use images/BDT_flowchart.png>
Package pdftex.def Info: images/BDT_flowchart.png  used on input line 84.
(pdftex.def)             Requested size: 422.77664pt x 243.00941pt.
 [23] [24 <./images/BDT_flowchart.png>] [25]) [26]
Chapter 3.
(./analysis.tex
<images/sim_gauss_2D.png, id=177, 1178.4025pt x 1008.76875pt>
File: images/sim_gauss_2D.png Graphic file (type png)
<use images/sim_gauss_2D.png>
Package pdftex.def Info: images/sim_gauss_2D.png  used on input line 14.
(pdftex.def)             Requested size: 206.69334pt x 176.93738pt.
<images/radial_sim_gauss.png, id=178, 1178.4025pt x 870.25125pt>
File: images/radial_sim_gauss.png Graphic file (type png)
<use images/radial_sim_gauss.png>
Package pdftex.def Info: images/radial_sim_gauss.png  used on input line 19.
(pdftex.def)             Requested size: 206.69334pt x 152.6415pt.
<images/slice_sim_gauss1.png, id=179, 1001.7425pt x 809.0225pt>
File: images/slice_sim_gauss1.png Graphic file (type png)
<use images/slice_sim_gauss1.png>
Package pdftex.def Info: images/slice_sim_gauss1.png  used on input line 23.
(pdftex.def)             Requested size: 206.69334pt x 166.92467pt.
<images/slice_sim_gauss2.png, id=180, 1001.7425pt x 793.96625pt>
File: images/slice_sim_gauss2.png Graphic file (type png)
<use images/slice_sim_gauss2.png>
Package pdftex.def Info: images/slice_sim_gauss2.png  used on input line 28.
(pdftex.def)             Requested size: 206.69334pt x 163.81813pt.
 [27

]
<images/fit/gauss_fit_both.png, id=185, 1084.05pt x 722.7pt>
File: images/fit/gauss_fit_both.png Graphic file (type png)
<use images/fit/gauss_fit_both.png>
Package pdftex.def Info: images/fit/gauss_fit_both.png  used on input line 37.
(pdftex.def)             Requested size: 366.40834pt x 244.27014pt.
 [28 <./images/sim_gauss_2D.png> <./images/radial_sim_gauss.png> <./images/slic
e_sim_gauss1.png> <./images/slice_sim_gauss2.png>] [29 <./images/fit/gauss_fit_
both.png>]
<images/num/LZA_data_25/crab_reg_rse.png, id=197, 1084.05pt x 722.7pt>
File: images/num/LZA_data_25/crab_reg_rse.png Graphic file (type png)
<use images/num/LZA_data_25/crab_reg_rse.png>
Package pdftex.def Info: images/num/LZA_data_25/crab_reg_rse.png  used on input
 line 49.
(pdftex.def)             Requested size: 220.78543pt x 147.18404pt.
<images/num/LZA_data_25/crab_reg_LiMa.png, id=198, 1084.05pt x 722.7pt>
File: images/num/LZA_data_25/crab_reg_LiMa.png Graphic file (type png)
<use images/num/LZA_data_25/crab_reg_LiMa.png>
Package pdftex.def Info: images/num/LZA_data_25/crab_reg_LiMa.png  used on inpu
t line 53.
(pdftex.def)             Requested size: 220.78543pt x 147.18404pt.
 [30 <./images/num/LZA_data_25/crab_reg_rse.png> <./images/num/LZA_data_25/crab
_reg_LiMa.png>]
<images/num/disp_standard_ratio_xzen.png, id=205, 1084.05pt x 722.7pt>
File: images/num/disp_standard_ratio_xzen.png Graphic file (type png)
<use images/num/disp_standard_ratio_xzen.png>
Package pdftex.def Info: images/num/disp_standard_ratio_xzen.png  used on input
 line 74.
(pdftex.def)             Requested size: 220.78543pt x 147.18404pt.
<images/fit/disp_standard_ratio_xzen.png, id=206, 1084.05pt x 722.7pt>
File: images/fit/disp_standard_ratio_xzen.png Graphic file (type png)
<use images/fit/disp_standard_ratio_xzen.png>
Package pdftex.def Info: images/fit/disp_standard_ratio_xzen.png  used on input
 line 78.
(pdftex.def)             Requested size: 220.78543pt x 147.18404pt.
 [31 <./images/num/disp_standard_ratio_xzen.png> <./images/fit/disp_standard_ra
tio_xzen.png>]
<images/num/disp_250_ratio_xzen.png, id=213, 1084.05pt x 722.7pt>
File: images/num/disp_250_ratio_xzen.png Graphic file (type png)
<use images/num/disp_250_ratio_xzen.png>
Package pdftex.def Info: images/num/disp_250_ratio_xzen.png  used on input line
 91.
(pdftex.def)             Requested size: 220.78543pt x 147.18404pt.
<images/fit/disp_250_ratio_xzen.png, id=214, 1084.05pt x 722.7pt>
File: images/fit/disp_250_ratio_xzen.png Graphic file (type png)
<use images/fit/disp_250_ratio_xzen.png>
Package pdftex.def Info: images/fit/disp_250_ratio_xzen.png  used on input line
 95.
(pdftex.def)             Requested size: 220.78543pt x 147.18404pt.
 [32 <./images/num/disp_250_ratio_xzen.png> <./images/fit/disp_250_ratio_xzen.p
ng>]
<images/trueDisp_Train.png, id=220, 1202.4925pt x 776.9025pt>
File: images/trueDisp_Train.png Graphic file (type png)
<use images/trueDisp_Train.png>
Package pdftex.def Info: images/trueDisp_Train.png  used on input line 111.
(pdftex.def)             Requested size: 220.78543pt x 142.63408pt.
<images/trueDisp_Test.png, id=221, 1202.4925pt x 776.9025pt>
File: images/trueDisp_Test.png Graphic file (type png)
<use images/trueDisp_Test.png>
Package pdftex.def Info: images/trueDisp_Test.png  used on input line 115.
(pdftex.def)             Requested size: 220.78543pt x 142.63408pt.
<images/DispError_Train.png, id=222, 1202.4925pt x 776.9025pt>
File: images/DispError_Train.png Graphic file (type png)
<use images/DispError_Train.png>
Package pdftex.def Info: images/DispError_Train.png  used on input line 119.
(pdftex.def)             Requested size: 220.78543pt x 142.63408pt.
<images/DispError_Test.png, id=223, 1202.4925pt x 776.9025pt>
File: images/DispError_Test.png Graphic file (type png)
<use images/DispError_Test.png>
Package pdftex.def Info: images/DispError_Test.png  used on input line 123.
(pdftex.def)             Requested size: 220.78543pt x 142.63408pt.
<images/MAError_Train.png, id=224, 1202.4925pt x 776.9025pt>
File: images/MAError_Train.png Graphic file (type png)
<use images/MAError_Train.png>
Package pdftex.def Info: images/MAError_Train.png  used on input line 127.
(pdftex.def)             Requested size: 220.78543pt x 142.63408pt.
<images/MAError_Test.png, id=225, 1202.4925pt x 776.9025pt>
File: images/MAError_Test.png Graphic file (type png)
<use images/MAError_Test.png>
Package pdftex.def Info: images/MAError_Test.png  used on input line 131.
(pdftex.def)             Requested size: 220.78543pt x 142.63408pt.
 [33]
Overfull \vbox (19.53656pt too high) has occurred while \output is active []


[34 <./images/trueDisp_Train.png> <./images/trueDisp_Test.png> <./images/DispEr
ror_Train.png> <./images/DispError_Test.png> <./images/MAError_Train.png> <./im
ages/MAError_Test.png>]
<images/num/disp_450_ratio_xzen.png, id=233, 1084.05pt x 722.7pt>
File: images/num/disp_450_ratio_xzen.png Graphic file (type png)
<use images/num/disp_450_ratio_xzen.png>
Package pdftex.def Info: images/num/disp_450_ratio_xzen.png  used on input line
 144.
(pdftex.def)             Requested size: 220.78543pt x 147.18404pt.
<images/fit/disp_450_ratio_xzen.png, id=234, 1084.05pt x 722.7pt>
File: images/fit/disp_450_ratio_xzen.png Graphic file (type png)
<use images/fit/disp_450_ratio_xzen.png>
Package pdftex.def Info: images/fit/disp_450_ratio_xzen.png  used on input line
 148.
(pdftex.def)             Requested size: 220.78543pt x 147.18404pt.
 [35 <./images/num/disp_450_ratio_xzen.png> <./images/fit/disp_450_ratio_xzen.p
ng>]
<images/num/disp_450x4size_ratio_xzen.png, id=240, 1084.05pt x 722.7pt>
File: images/num/disp_450x4size_ratio_xzen.png Graphic file (type png)
<use images/num/disp_450x4size_ratio_xzen.png>
Package pdftex.def Info: images/num/disp_450x4size_ratio_xzen.png  used on inpu
t line 168.
(pdftex.def)             Requested size: 220.78543pt x 147.18404pt.
<images/fit/disp_450x4size_ratio_xzen.png, id=241, 1084.05pt x 722.7pt>
File: images/fit/disp_450x4size_ratio_xzen.png Graphic file (type png)
<use images/fit/disp_450x4size_ratio_xzen.png>
Package pdftex.def Info: images/fit/disp_450x4size_ratio_xzen.png  used on inpu
t line 172.
(pdftex.def)             Requested size: 220.78543pt x 147.18404pt.
 [36] [37 <./images/num/disp_450x4size_ratio_xzen.png> <./images/fit/disp_450x4
size_ratio_xzen.png>]
<images/weights.png, id=251, 536.2434pt x 346.896pt>
File: images/weights.png Graphic file (type png)
<use images/weights.png>
Package pdftex.def Info: images/weights.png  used on input line 186.
(pdftex.def)             Requested size: 366.40834pt x 237.03477pt.
<images/num/disp_wts.png, id=252, 1084.05pt x 722.7pt>
File: images/num/disp_wts.png Graphic file (type png)
<use images/num/disp_wts.png>
Package pdftex.def Info: images/num/disp_wts.png  used on input line 198.
(pdftex.def)             Requested size: 352.31625pt x 234.87471pt.
<images/fit/disp_wts.png, id=253, 1084.05pt x 722.7pt>
File: images/fit/disp_wts.png Graphic file (type png)
<use images/fit/disp_wts.png>
Package pdftex.def Info: images/fit/disp_wts.png  used on input line 202.
(pdftex.def)             Requested size: 352.31625pt x 234.87471pt.
 [38 <./images/weights.png>]
[39 <./images/num/disp_wts.png> <./images/fit/disp_wts.png>]
<images/num/reg_SZA_energy.png, id=264, 1084.05pt x 722.7pt>
File: images/num/reg_SZA_energy.png Graphic file (type png)
<use images/num/reg_SZA_energy.png>
Package pdftex.def Info: images/num/reg_SZA_energy.png  used on input line 217.

(pdftex.def)             Requested size: 220.78543pt x 147.18404pt.
<images/num/reg_LZA_energy.png, id=265, 1084.05pt x 722.7pt>
File: images/num/reg_LZA_energy.png Graphic file (type png)
<use images/num/reg_LZA_energy.png>
Package pdftex.def Info: images/num/reg_LZA_energy.png  used on input line 221.

(pdftex.def)             Requested size: 220.78543pt x 147.18404pt.
<images/num/disp_standard_energy.png, id=266, 1084.05pt x 722.7pt>
File: images/num/disp_standard_energy.png Graphic file (type png)
<use images/num/disp_standard_energy.png>
Package pdftex.def Info: images/num/disp_standard_energy.png  used on input lin
e 228.
(pdftex.def)             Requested size: 352.31625pt x 234.87471pt.
<images/num/disp_450x4size_energy.png, id=267, 1084.05pt x 722.7pt>
File: images/num/disp_450x4size_energy.png Graphic file (type png)
<use images/num/disp_450x4size_energy.png>
Package pdftex.def Info: images/num/disp_450x4size_energy.png  used on input li
ne 235.
(pdftex.def)             Requested size: 352.31625pt x 234.87471pt.
 [40 <./images/num/reg_SZA_energy.png> <./images/num/reg_LZA_energy.png>]
<images/num/disp_450x4size_rse.png, id=273, 1084.05pt x 722.7pt>
File: images/num/disp_450x4size_rse.png Graphic file (type png)
<use images/num/disp_450x4size_rse.png>
Package pdftex.def Info: images/num/disp_450x4size_rse.png  used on input line 
244.
(pdftex.def)             Requested size: 422.77664pt x 281.85185pt.
<images/num/reg_rse.png, id=274, 1084.05pt x 722.7pt>
File: images/num/reg_rse.png Graphic file (type png)
<use images/num/reg_rse.png>
Package pdftex.def Info: images/num/reg_rse.png  used on input line 254.
(pdftex.def)             Requested size: 220.78543pt x 147.18404pt.
<images/num/disp_standard_rse.png, id=275, 1084.05pt x 722.7pt>
File: images/num/disp_standard_rse.png Graphic file (type png)
<use images/num/disp_standard_rse.png>
Package pdftex.def Info: images/num/disp_standard_rse.png  used on input line 2
58.
(pdftex.def)             Requested size: 220.78543pt x 147.18404pt.
<images/num/rel_reg_sim.png, id=276, 1084.05pt x 722.7pt>
File: images/num/rel_reg_sim.png Graphic file (type png)
<use images/num/rel_reg_sim.png>
Package pdftex.def Info: images/num/rel_reg_sim.png  used on input line 269.
(pdftex.def)             Requested size: 220.78543pt x 147.18404pt.
<images/num/rel_standard_sim.png, id=277, 1084.05pt x 722.7pt>
File: images/num/rel_standard_sim.png Graphic file (type png)
<use images/num/rel_standard_sim.png>
Package pdftex.def Info: images/num/rel_standard_sim.png  used on input line 27
3.
(pdftex.def)             Requested size: 220.78543pt x 147.18404pt.
 [41 <./images/num/disp_standard_energy.png>] [42 <./images/num/disp_450x4size_
energy.png>] [43 <./images/num/disp_450x4size_rse.png> <./images/num/reg_rse.pn
g> <./images/num/disp_standard_rse.png>] [44 <./images/num/rel_reg_sim.png> <./
images/num/rel_standard_sim.png>] [45]
<images/num/LZA_data_25/crab_all_disp_skymap_SZA_LE.png, id=304, 1222.5675pt x 
987.69pt>
File: images/num/LZA_data_25/crab_all_disp_skymap_SZA_LE.png Graphic file (type
 png)
<use images/num/LZA_data_25/crab_all_disp_skymap_SZA_LE.png>
Package pdftex.def Info: images/num/LZA_data_25/crab_all_disp_skymap_SZA_LE.png
  used on input line 302.
(pdftex.def)             Requested size: 220.78543pt x 178.36429pt.
<images/num/LZA_data_25/crab_all_disp_skymap_LZA_LE.png, id=305, 1222.5675pt x 
987.69pt>
File: images/num/LZA_data_25/crab_all_disp_skymap_LZA_LE.png Graphic file (type
 png)
<use images/num/LZA_data_25/crab_all_disp_skymap_LZA_LE.png>
Package pdftex.def Info: images/num/LZA_data_25/crab_all_disp_skymap_LZA_LE.png
  used on input line 306.
(pdftex.def)             Requested size: 220.78543pt x 178.36429pt.
<images/num/LZA_data_25/crab_all_disp_skymap_SZA_HE.png, id=306, 1222.5675pt x 
987.69pt>
File: images/num/LZA_data_25/crab_all_disp_skymap_SZA_HE.png Graphic file (type
 png)
<use images/num/LZA_data_25/crab_all_disp_skymap_SZA_HE.png>
Package pdftex.def Info: images/num/LZA_data_25/crab_all_disp_skymap_SZA_HE.png
  used on input line 310.
(pdftex.def)             Requested size: 220.78543pt x 178.36429pt.
<images/num/LZA_data_25/crab_all_disp_skymap_LZA_HE.png, id=307, 1222.5675pt x 
987.69pt>
File: images/num/LZA_data_25/crab_all_disp_skymap_LZA_HE.png Graphic file (type
 png)
<use images/num/LZA_data_25/crab_all_disp_skymap_LZA_HE.png>
Package pdftex.def Info: images/num/LZA_data_25/crab_all_disp_skymap_LZA_HE.png
  used on input line 314.
(pdftex.def)             Requested size: 220.78543pt x 178.36429pt.
<images/num/LZA_data_25/crab_disp_rse.png, id=308, 1084.05pt x 722.7pt>
File: images/num/LZA_data_25/crab_disp_rse.png Graphic file (type png)
<use images/num/LZA_data_25/crab_disp_rse.png>
Package pdftex.def Info: images/num/LZA_data_25/crab_disp_rse.png  used on inpu
t line 325.
(pdftex.def)             Requested size: 220.78543pt x 147.18404pt.
<images/num/LZA_data_25/crab_disp_sim.png, id=309, 1084.05pt x 722.7pt>
File: images/num/LZA_data_25/crab_disp_sim.png Graphic file (type png)
<use images/num/LZA_data_25/crab_disp_sim.png>
Package pdftex.def Info: images/num/LZA_data_25/crab_disp_sim.png  used on inpu
t line 329.
(pdftex.def)             Requested size: 220.78543pt x 147.18404pt.
<images/num/LZA_data_25/crab_disp_Log_nevent.png, id=310, 1084.05pt x 722.7pt>
File: images/num/LZA_data_25/crab_disp_Log_nevent.png Graphic file (type png)
<use images/num/LZA_data_25/crab_disp_Log_nevent.png>
Package pdftex.def Info: images/num/LZA_data_25/crab_disp_Log_nevent.png  used 
on input line 333.
(pdftex.def)             Requested size: 220.78543pt x 147.18404pt.
<images/num/LZA_data_25/crab_disp_LiMa.png, id=311, 1084.05pt x 722.7pt>
File: images/num/LZA_data_25/crab_disp_LiMa.png Graphic file (type png)
<use images/num/LZA_data_25/crab_disp_LiMa.png>
Package pdftex.def Info: images/num/LZA_data_25/crab_disp_LiMa.png  used on inp
ut line 337.
(pdftex.def)             Requested size: 220.78543pt x 147.18404pt.
 [46 <./images/num/LZA_data_25/crab_all_disp_skymap_SZA_LE.png> <./images/num/L
ZA_data_25/crab_all_disp_skymap_LZA_LE.png> <./images/num/LZA_data_25/crab_all_
disp_skymap_SZA_HE.png> <./images/num/LZA_data_25/crab_all_disp_skymap_LZA_HE.p
ng>]
<images/num/LZA_data_25/crab_all_disp_rse.png, id=315, 1084.05pt x 722.7pt>
File: images/num/LZA_data_25/crab_all_disp_rse.png Graphic file (type png)
<use images/num/LZA_data_25/crab_all_disp_rse.png>
Package pdftex.def Info: images/num/LZA_data_25/crab_all_disp_rse.png  used on 
input line 348.
(pdftex.def)             Requested size: 220.78543pt x 147.18404pt.
<images/num/LZA_data_25/crab_all_disp_sim.png, id=316, 1084.05pt x 722.7pt>
File: images/num/LZA_data_25/crab_all_disp_sim.png Graphic file (type png)
<use images/num/LZA_data_25/crab_all_disp_sim.png>
Package pdftex.def Info: images/num/LZA_data_25/crab_all_disp_sim.png  used on 
input line 352.
(pdftex.def)             Requested size: 220.78543pt x 147.18404pt.
<images/num/LZA_data_25/crab_all_disp_Log_nevent.png, id=317, 1084.05pt x 722.7
pt>
File: images/num/LZA_data_25/crab_all_disp_Log_nevent.png Graphic file (type pn
g)
<use images/num/LZA_data_25/crab_all_disp_Log_nevent.png>
Package pdftex.def Info: images/num/LZA_data_25/crab_all_disp_Log_nevent.png  u
sed on input line 356.
(pdftex.def)             Requested size: 220.78543pt x 147.18404pt.
<images/num/LZA_data_25/crab_all_disp_LiMa.png, id=318, 1084.05pt x 722.7pt>
File: images/num/LZA_data_25/crab_all_disp_LiMa.png Graphic file (type png)
<use images/num/LZA_data_25/crab_all_disp_LiMa.png>
Package pdftex.def Info: images/num/LZA_data_25/crab_all_disp_LiMa.png  used on
 input line 360.
(pdftex.def)             Requested size: 220.78543pt x 147.18404pt.
 [47 <./images/num/LZA_data_25/crab_disp_rse.png> <./images/num/LZA_data_25/cra
b_disp_sim.png> <./images/num/LZA_data_25/crab_disp_Log_nevent.png> <./images/n
um/LZA_data_25/crab_disp_LiMa.png>] [48 <./images/num/LZA_data_25/crab_all_disp
_rse.png> <./images/num/LZA_data_25/crab_all_disp_sim.png> <./images/num/LZA_da
ta_25/crab_all_disp_Log_nevent.png> <./images/num/LZA_data_25/crab_all_disp_LiM
a.png>] [49]
<images/num/LZA_data_25/Mrk421_skymap_SZA_LE.png, id=337, 1222.5675pt x 987.69p
t>
File: images/num/LZA_data_25/Mrk421_skymap_SZA_LE.png Graphic file (type png)
<use images/num/LZA_data_25/Mrk421_skymap_SZA_LE.png>
Package pdftex.def Info: images/num/LZA_data_25/Mrk421_skymap_SZA_LE.png  used 
on input line 382.
(pdftex.def)             Requested size: 220.78543pt x 178.36429pt.
<images/num/LZA_data_25/Mrk421_skymap_LZA_LE.png, id=338, 1222.5675pt x 987.69p
t>
File: images/num/LZA_data_25/Mrk421_skymap_LZA_LE.png Graphic file (type png)
<use images/num/LZA_data_25/Mrk421_skymap_LZA_LE.png>
Package pdftex.def Info: images/num/LZA_data_25/Mrk421_skymap_LZA_LE.png  used 
on input line 386.
(pdftex.def)             Requested size: 220.78543pt x 178.36429pt.
<images/num/LZA_data_25/Mrk421_skymap_SZA_HE.png, id=339, 1222.5675pt x 987.69p
t>
File: images/num/LZA_data_25/Mrk421_skymap_SZA_HE.png Graphic file (type png)
<use images/num/LZA_data_25/Mrk421_skymap_SZA_HE.png>
Package pdftex.def Info: images/num/LZA_data_25/Mrk421_skymap_SZA_HE.png  used 
on input line 390.
(pdftex.def)             Requested size: 220.78543pt x 178.36429pt.
<images/num/LZA_data_25/Mrk421_skymap_LZA_HE.png, id=340, 1222.5675pt x 987.69p
t>
File: images/num/LZA_data_25/Mrk421_skymap_LZA_HE.png Graphic file (type png)
<use images/num/LZA_data_25/Mrk421_skymap_LZA_HE.png>
Package pdftex.def Info: images/num/LZA_data_25/Mrk421_skymap_LZA_HE.png  used 
on input line 394.
(pdftex.def)             Requested size: 220.78543pt x 178.36429pt.
<images/num/LZA_data_25/Mrk421_rse.png, id=341, 1084.05pt x 722.7pt>
File: images/num/LZA_data_25/Mrk421_rse.png Graphic file (type png)
<use images/num/LZA_data_25/Mrk421_rse.png>
Package pdftex.def Info: images/num/LZA_data_25/Mrk421_rse.png  used on input l
ine 405.
(pdftex.def)             Requested size: 220.78543pt x 147.18404pt.
<images/num/LZA_data_25/Mrk421_sim.png, id=342, 1084.05pt x 722.7pt>
File: images/num/LZA_data_25/Mrk421_sim.png Graphic file (type png)
<use images/num/LZA_data_25/Mrk421_sim.png>
Package pdftex.def Info: images/num/LZA_data_25/Mrk421_sim.png  used on input l
ine 409.
(pdftex.def)             Requested size: 220.78543pt x 147.18404pt.
<images/num/LZA_data_25/Mrk421_Log_nevent.png, id=343, 1084.05pt x 722.7pt>
File: images/num/LZA_data_25/Mrk421_Log_nevent.png Graphic file (type png)
<use images/num/LZA_data_25/Mrk421_Log_nevent.png>
Package pdftex.def Info: images/num/LZA_data_25/Mrk421_Log_nevent.png  used on 
input line 413.
(pdftex.def)             Requested size: 220.78543pt x 147.18404pt.
<images/num/LZA_data_25/Mrk421_LiMa.png, id=344, 1084.05pt x 722.7pt>
File: images/num/LZA_data_25/Mrk421_LiMa.png Graphic file (type png)
<use images/num/LZA_data_25/Mrk421_LiMa.png>
Package pdftex.def Info: images/num/LZA_data_25/Mrk421_LiMa.png  used on input 
line 417.
(pdftex.def)             Requested size: 220.78543pt x 147.18404pt.
 [50 <./images/num/LZA_data_25/Mrk421_skymap_SZA_LE.png> <./images/num/LZA_data
_25/Mrk421_skymap_LZA_LE.png> <./images/num/LZA_data_25/Mrk421_skymap_SZA_HE.pn
g> <./images/num/LZA_data_25/Mrk421_skymap_LZA_HE.png>]) [51 <./images/num/LZA_
data_25/Mrk421_rse.png> <./images/num/LZA_data_25/Mrk421_sim.png> <./images/num
/LZA_data_25/Mrk421_Log_nevent.png> <./images/num/LZA_data_25/Mrk421_LiMa.png>]

Chapter 4.
(./conclusions.tex [52

]) (./main.bbl [53]
LaTeX Font Info:    Try loading font information for T1+cmtt on input line 19.

(/usr/share/texlive/texmf-dist/tex/latex/base/t1cmtt.fd
File: t1cmtt.fd 2014/09/29 v2.5h Standard LaTeX font definitions
) [54

] [55]
! Undefined control sequence.
l.149   \href
             {http://articles.adsabs.harvard.edu/cgi-bin/nph-iarticle_query?...
The control sequence at the end of the top line
of your error message was never \def'ed. If you have
misspelled it (e.g., `\hobx'), type `I' and the correct
spelling (e.g., `I\hbox'). Otherwise just continue,
and I'll forget about whatever was undefined.

! Missing $ inserted.
<inserted text> 
                $
l.149 ....adsabs.harvard.edu/cgi-bin/nph-iarticle_
                                                  query?1983ApJ...272..317L&...
I've inserted a begin-math/end-math symbol since I think
you left one out. Proceed, with fingers crossed.

! Misplaced alignment tab character &.
l.149 ...n/nph-iarticle_query?1983ApJ...272..317L&
                                                  defaultprint=YES&filetype=...
I can't figure out why you would want to use a tab mark
here. If you just want an ampersand, the remedy is
simple: Just type `I\&' now. But if some right brace
up above has ended a previous alignment prematurely,
you're probably due for more error messages, and you
might try typing `S' now just to see what is salvageable.

! Misplaced alignment tab character &.
l.149 ...ery?1983ApJ...272..317L&defaultprint=YES&
                                                  filetype=.pdf}{Analysis
I can't figure out why you would want to use a tab mark
here. If you just want an ampersand, the remedy is
simple: Just type `I\&' now. But if some right brace
up above has ended a previous alignment prematurely,
you're probably due for more error messages, and you
might try typing `S' now just to see what is salvageable.

! Extra }, or forgotten $.
l.149 ...272..317L&defaultprint=YES&filetype=.pdf}
                                                  {Analysis
I've deleted a group-closing symbol because it seems to be
spurious, as in `$x}$'. But perhaps the } is legitimate and
you forgot something else, as in `\hbox{$x}'. In such cases
the way to recover is to insert both the forgotten and the
deleted material, e.g., by typing `I$}'.


LaTeX Font Warning: Command \em invalid in math mode on input line 151.


! LaTeX Error: Command \itshape invalid in math mode.

See the LaTeX manual or LaTeX Companion for explanation.
Type  H <return>  for immediate help.
 ...                                              
                                                  
l.151 \newblock {\em
                     The Astrophysical Journal}, 272:317--324, {Sep} 1983.
Please use the math alphabet \mathit instead of the \itshape command. 

! Missing $ inserted.
<inserted text> 
                $
l.152 
      
I've inserted a begin-math/end-math symbol since I think
you left one out. Proceed, with fingers crossed.

! Missing } inserted.
<inserted text> 
                }
l.152 
      
I've inserted something that you may have forgotten.
(See the <inserted text> above.)
With luck, this will get me unwedged. But if you
really didn't forget anything, try typing `2' now; then
my insertion and my current dilemma will both disappear.


Overfull \hbox (29.52461pt too wide) in paragraph at lines 147--152
\OML/cmm/m/it/12 :pdf[]: []; \OT1/cmr/m/n/12 272 : 
 []

[56]) [57] (./main.aux)

LaTeX Warning: There were multiply-defined labels.

 ) 
Here is how much of TeX's memory you used:
 7079 strings out of 492615
 104732 string characters out of 6131390
 190021 words of memory out of 5000000
 10701 multiletter control sequences out of 15000+600000
 27690 words of font info for 74 fonts, out of 8000000 for 9000
 1141 hyphenation exceptions out of 8191
 41i,7n,37p,1215b,481s stack positions out of 5000i,500n,10000p,200000b,80000s
{/usr/share/texmf/fonts/enc/dvips/cm-super/cm-super-t1.enc}{/usr/share/texmf/
fonts/enc/dvips/cm-super/cm-super-ts1.enc}</usr/share/texlive/texmf-dist/fonts/
type1/public/amsfonts/cm/cmex10.pfb></usr/share/texlive/texmf-dist/fonts/type1/
public/amsfonts/cm/cmmi10.pfb></usr/share/texlive/texmf-dist/fonts/type1/public
/amsfonts/cm/cmmi12.pfb></usr/share/texlive/texmf-dist/fonts/type1/public/amsfo
nts/cm/cmmi6.pfb></usr/share/texlive/texmf-dist/fonts/type1/public/amsfonts/cm/
cmmi7.pfb></usr/share/texlive/texmf-dist/fonts/type1/public/amsfonts/cm/cmmi8.p
fb></usr/share/texlive/texmf-dist/fonts/type1/public/amsfonts/cm/cmr10.pfb></us
r/share/texlive/texmf-dist/fonts/type1/public/amsfonts/cm/cmr12.pfb></usr/share
/texlive/texmf-dist/fonts/type1/public/amsfonts/cm/cmr6.pfb></usr/share/texlive
/texmf-dist/fonts/type1/public/amsfonts/cm/cmr7.pfb></usr/share/texlive/texmf-d
ist/fonts/type1/public/amsfonts/cm/cmr8.pfb></usr/share/texlive/texmf-dist/font
s/type1/public/amsfonts/cm/cmsy10.pfb></usr/share/texlive/texmf-dist/fonts/type
1/public/amsfonts/cm/cmsy7.pfb></usr/share/texlive/texmf-dist/fonts/type1/publi
c/amsfonts/cm/cmsy8.pfb></usr/share/texlive/texmf-dist/fonts/type1/public/amsfo
nts/symbols/msam10.pfb></usr/share/texmf/fonts/type1/public/cm-super/sfbi1440.p
fb></usr/share/texmf/fonts/type1/public/cm-super/sfbi1728.pfb></usr/share/texmf
/fonts/type1/public/cm-super/sfbx1200.pfb></usr/share/texmf/fonts/type1/public/
cm-super/sfbx1440.pfb></usr/share/texmf/fonts/type1/public/cm-super/sfbx1728.pf
b></usr/share/texmf/fonts/type1/public/cm-super/sfbx2488.pfb></usr/share/texmf/
fonts/type1/public/cm-super/sfrm0600.pfb></usr/share/texmf/fonts/type1/public/c
m-super/sfrm1000.pfb></usr/share/texmf/fonts/type1/public/cm-super/sfrm1200.pfb
></usr/share/texmf/fonts/type1/public/cm-super/sfrm1440.pfb></usr/share/texmf/f
onts/type1/public/cm-super/sfrm1728.pfb></usr/share/texmf/fonts/type1/public/cm
-super/sfrm2488.pfb></usr/share/texmf/fonts/type1/public/cm-super/sfsl1200.pfb>
</usr/share/texmf/fonts/type1/public/cm-super/sfti1000.pfb></usr/share/texmf/fo
nts/type1/public/cm-super/sfti1200.pfb></usr/share/texmf/fonts/type1/public/cm-
super/sfti2488.pfb></usr/share/texmf/fonts/type1/public/cm-super/sftt1200.pfb>
Output written on main.pdf (67 pages, 5334565 bytes).
PDF statistics:
 482 PDF objects out of 1000 (max. 8388607)
 262 compressed objects within 3 object streams
 0 named destinations out of 1000 (max. 500000)
 351 words of extra memory for PDF output out of 10000 (max. 10000000)

