\BOOKMARK [0][-]{chapter*.1}{Acknowledgments}{}% 1
\BOOKMARK [0][-]{chapter*.2}{Abstract}{}% 2
\BOOKMARK [0][-]{chapter*.3}{Abr\351g\351}{}% 3
\BOOKMARK [0][-]{chapter*.4}{Statement\040of\040Original\040Contribution}{}% 4
\BOOKMARK [0][-]{chapter*.5}{Contents}{}% 5
\BOOKMARK [0][-]{chapter*.6}{List\040of\040Figures}{}% 6
\BOOKMARK [0][-]{chapter.1}{1\040Introduction}{}% 7
\BOOKMARK [1][-]{section.1.1}{1.1\040Gamma\040Ray\040Astrophysics}{chapter.1}% 8
\BOOKMARK [2][-]{subsection.1.1.1}{1.1.1\040Ground\040Based\040Gamma-Ray\040Astrophysics}{section.1.1}% 9
\BOOKMARK [1][-]{section.1.2}{1.2\040VERITAS\040Overview}{chapter.1}% 10
\BOOKMARK [2][-]{subsection.1.2.1}{1.2.1\040Gamma-Ray\040Initiated\040Extensive\040Air\040Showers}{section.1.2}% 11
\BOOKMARK [2][-]{subsection.1.2.2}{1.2.2\040Cherenkov\040Radiation}{section.1.2}% 12
\BOOKMARK [2][-]{subsection.1.2.3}{1.2.3\040Imaging\040Atmospheric\040Cherenkov\040Telescopes}{section.1.2}% 13
\BOOKMARK [1][-]{section.1.3}{1.3\040Shower\040Image\040Parameters}{chapter.1}% 14
\BOOKMARK [2][-]{subsection.1.3.1}{1.3.1\040The\040Parameter}{section.1.3}% 15
\BOOKMARK [0][-]{chapter.2}{2\040Simulation\040and\040Analysis\040Packages}{}% 16
\BOOKMARK [1][-]{section.2.1}{2.1\040Overview}{chapter.2}% 17
\BOOKMARK [1][-]{section.2.2}{2.2\040Shower\040Generation}{chapter.2}% 18
\BOOKMARK [1][-]{section.2.3}{2.3\040The\040VEGAS\040Analysis\040Package}{chapter.2}% 19
\BOOKMARK [1][-]{section.2.4}{2.4\040Direction\040Reconstruction}{chapter.2}% 20
\BOOKMARK [2][-]{subsection.2.4.1}{2.4.1\040The\040Method}{section.2.4}% 21
\BOOKMARK [1][-]{section.2.5}{2.5\040Boosted\040Decision\040Trees}{chapter.2}% 22
\BOOKMARK [2][-]{subsection.2.5.1}{2.5.1\040Training}{section.2.5}% 23
\BOOKMARK [2][-]{subsection.2.5.2}{2.5.2\040Boosting}{section.2.5}% 24
\BOOKMARK [2][-]{subsection.2.5.3}{2.5.3\040Testing}{section.2.5}% 25
\BOOKMARK [1][-]{section.2.6}{2.6\040Noise\040in\040Simulations}{chapter.2}% 26
\BOOKMARK [0][-]{chapter.3}{3\040Analysis\040Methods}{}% 27
\BOOKMARK [1][-]{section.3.1}{3.1\040Preliminary\040Test\040and\040Motivation}{chapter.3}% 28
\BOOKMARK [1][-]{section.3.2}{3.2\040Table\040and\040Dependencies}{chapter.3}% 29
\BOOKMARK [2][-]{subsection.3.2.1}{3.2.1\040Zenith\040Angle\040Dependence}{section.3.2}% 30
\BOOKMARK [2][-]{subsection.3.2.2}{3.2.2\040Over-training}{section.3.2}% 31
\BOOKMARK [2][-]{subsection.3.2.3}{3.2.3\040Noise\040Related\040Effects}{section.3.2}% 32
\BOOKMARK [2][-]{subsection.3.2.4}{3.2.4\040Higher\040Statistics\040Tables}{section.3.2}% 33
\BOOKMARK [2][-]{subsection.3.2.5}{3.2.5\040Acceptance\040Correction\040for\040Offset\040from\040Camera\040Center}{section.3.2}% 34
\BOOKMARK [2][-]{subsection.3.2.6}{3.2.6\040Energy\040Dependence}{section.3.2}% 35
\BOOKMARK [1][-]{section.3.3}{3.3\040for\040Observational\040Data\040and\040Known\040Objects}{chapter.3}% 36
\BOOKMARK [2][-]{subsection.3.3.1}{3.3.1\040Data\040Constraints\040and\040Li\040&\040Ma\040Significance}{section.3.3}% 37
\BOOKMARK [2][-]{subsection.3.3.2}{3.3.2\040for\040the\040Crab\040Nebula}{section.3.3}% 38
\BOOKMARK [2][-]{subsection.3.3.3}{3.3.3\040for\040Mrk421}{section.3.3}% 39
\BOOKMARK [0][-]{chapter.4}{4\040Conclusions}{}% 40
\BOOKMARK [1][-]{section.4.1}{4.1\040Summary}{chapter.4}% 41
\BOOKMARK [1][-]{section.4.2}{4.2\040Future\040Work}{chapter.4}% 42
\BOOKMARK [0][-]{chapter*.8}{Acknowledgments}{}% 43
\BOOKMARK [0][-]{chapter*.9}{Abstract}{}% 44
\BOOKMARK [0][-]{chapter*.10}{Abr\351g\351}{}% 45
\BOOKMARK [0][-]{chapter*.11}{Statement\040of\040Original\040Contribution}{}% 46
\BOOKMARK [0][-]{chapter*.12}{Contents}{}% 47
\BOOKMARK [0][-]{chapter*.13}{List\040of\040Figures}{}% 48
\BOOKMARK [0][-]{chapter.5}{5\040Introduction}{}% 49
\BOOKMARK [1][-]{section.5.1}{5.1\040Gamma\040Ray\040Astrophysics}{chapter.5}% 50
\BOOKMARK [2][-]{subsection.5.1.1}{5.1.1\040Ground\040Based\040Gamma-Ray\040Astrophysics}{section.5.1}% 51
\BOOKMARK [1][-]{section.5.2}{5.2\040VERITAS\040Overview}{chapter.5}% 52
\BOOKMARK [2][-]{subsection.5.2.1}{5.2.1\040Gamma-Ray\040Initiated\040Extensive\040Air\040Showers}{section.5.2}% 53
\BOOKMARK [2][-]{subsection.5.2.2}{5.2.2\040Cherenkov\040Radiation}{section.5.2}% 54
\BOOKMARK [2][-]{subsection.5.2.3}{5.2.3\040Imaging\040Atmospheric\040Cherenkov\040Telescopes}{section.5.2}% 55
\BOOKMARK [1][-]{section.5.3}{5.3\040Shower\040Image\040Parameters}{chapter.5}% 56
\BOOKMARK [2][-]{subsection.5.3.1}{5.3.1\040The\040Disp\040Parameter}{section.5.3}% 57
\BOOKMARK [0][-]{chapter.6}{6\040Simulation\040and\040Analysis\040Packages}{}% 58
\BOOKMARK [1][-]{section.6.1}{6.1\040Overview}{chapter.6}% 59
\BOOKMARK [1][-]{section.6.2}{6.2\040Shower\040Generation}{chapter.6}% 60
\BOOKMARK [1][-]{section.6.3}{6.3\040The\040VEGAS\040Analysis\040Package}{chapter.6}% 61
\BOOKMARK [1][-]{section.6.4}{6.4\040Direction\040Reconstruction}{chapter.6}% 62
\BOOKMARK [2][-]{subsection.6.4.1}{6.4.1\040The\040Disp\040Method}{section.6.4}% 63
\BOOKMARK [1][-]{section.6.5}{6.5\040Boosted\040Decision\040Trees}{chapter.6}% 64
\BOOKMARK [2][-]{subsection.6.5.1}{6.5.1\040Training}{section.6.5}% 65
\BOOKMARK [2][-]{subsection.6.5.2}{6.5.2\040Boosting}{section.6.5}% 66
\BOOKMARK [2][-]{subsection.6.5.3}{6.5.3\040Testing}{section.6.5}% 67
\BOOKMARK [1][-]{section.6.6}{6.6\040Noise\040in\040Simulations}{chapter.6}% 68
\BOOKMARK [0][-]{chapter.7}{7\040Analysis\040Methods}{}% 69
\BOOKMARK [1][-]{section.7.1}{7.1\040Preliminary\040Test\040and\040Motivation}{chapter.7}% 70
\BOOKMARK [1][-]{section.7.2}{7.2\040Disp\040Table\040and\040R68\040Dependencies}{chapter.7}% 71
\BOOKMARK [2][-]{subsection.7.2.1}{7.2.1\040Zenith\040Angle\040Dependence}{section.7.2}% 72
\BOOKMARK [2][-]{subsection.7.2.2}{7.2.2\040Over-training}{section.7.2}% 73
\BOOKMARK [2][-]{subsection.7.2.3}{7.2.3\040Noise\040Related\040Effects}{section.7.2}% 74
\BOOKMARK [2][-]{subsection.7.2.4}{7.2.4\040Higher\040Statistics\040Tables}{section.7.2}% 75
\BOOKMARK [2][-]{subsection.7.2.5}{7.2.5\040Acceptance\040Correction\040for\040Offset\040from\040Camera\040Center}{section.7.2}% 76
\BOOKMARK [2][-]{subsection.7.2.6}{7.2.6\040Energy\040Dependence}{section.7.2}% 77
\BOOKMARK [1][-]{section.7.3}{7.3\040R68\040for\040Observational\040Data\040and\040Known\040Objects}{chapter.7}% 78
\BOOKMARK [2][-]{subsection.7.3.1}{7.3.1\040Data\040Constraints\040and\040Li\040&\040Ma\040Significance}{section.7.3}% 79
\BOOKMARK [2][-]{subsection.7.3.2}{7.3.2\040R68\040for\040the\040Crab\040Nebula}{section.7.3}% 80
\BOOKMARK [2][-]{subsection.7.3.3}{7.3.3\040R68\040for\040Mrk421}{section.7.3}% 81
\BOOKMARK [0][-]{chapter.8}{8\040Conclusions}{}% 82
\BOOKMARK [1][-]{section.8.1}{8.1\040Summary}{chapter.8}% 83
\BOOKMARK [1][-]{section.8.2}{8.2\040Future\040Work}{chapter.8}% 84
